<?xml version="1.0" encoding="UTF-8"?>
<!-- Generated by org.testng.reporters.JUnitReportReporter -->
<testsuite hostname="DESKTOP-AD1H9CQ" failures="0" tests="1" name="Maven.Adactin_New.Make_My_Trip" time="16.460" errors="0" timestamp="2023-03-28T15:44:48 IST" skipped="0">
  <testcase classname="Maven.Adactin_New.Make_My_Trip" name="browser_launch" time="16.460"/>
  <system-out/>
</testsuite> <!-- Maven.Adactin_New.Make_My_Trip -->
