<?xml version="1.0" encoding="UTF-8"?>
<!-- Generated by org.testng.reporters.JUnitReportReporter -->
<testsuite hostname="DESKTOP-AD1H9CQ" failures="0" tests="1" name="Maven.Adactin_New.AppTest" time="0.036" errors="0" timestamp="2023-03-28T14:52:21 IST" skipped="0">
  <testcase classname="Maven.Adactin_New.AppTest" name="shouldAnswerWithTrue" time="0.036"/>
  <system-out/>
</testsuite> <!-- Maven.Adactin_New.AppTest -->
